
     Program GWW v.6.4rc starts on  8Jun2021 at 11:16:46 

     This program is part of the open-source Quantum ESPRESSO suite
     for quantum simulation of materials; please cite
         "P. Giannozzi et al., J. Phys.:Condens. Matter 21 395502 (2009);
         "P. Giannozzi et al., J. Phys.:Condens. Matter 29 465901 (2017);
          URL http://www.quantum-espresso.org", 
     in publications or presentations arising from this work. More details at
     http://www.quantum-espresso.org/quote

     Parallel version (MPI), running on     1 processors

     MPI processes distributed on     1 nodes
 MPI PARALLEL VERSION
 Number of procs:            1
 GWL: Version 1.00
 PROGRAM GWW-FIT: Version 1.0
 Number of intervals:            0
 Number of intervals for fit:          50
 Maximum imaginary time:                        NaN
 Print whole Sigma:  F
 Maximum state considered:          10
 Prefix:Methane
 Rows together in FFT:          50
 Accurate treatment of conduction states
 Uses contractions on single states
 Uses no fft grid for time/space integrations
 Time grid :           3
 Frequency grid :           3
 Max frequency :   0.0000000000000000     
 Consider states from:           4  to            5
 Maximum number of iterations in minpack:        20000
 Number of cycles over minpack:            1
 Uses LDA Hartree : T
 Uses LDA Exchange : T
 Uses SYMMETRIZED DIELECTRIC MATRIX
 Head of dielectric matrix from file
 Treatment of W divergence:           0
 Wings of dielectric matrix from file
 Offset fit :           0
 Read vcprim terms from file
 Calculates the polarization directly from the overlaps
 Polarization Calculated through Lanczos scheme
 Self-energy Calculated through Lanczos scheme
 Convolution done analytically
 Block length fequency         100
 Block length states           5
 Block length valence states           4
 Block length fequency lc           1
 Reduced disk I/O
 t vectors from Wannier products
 Use truncated Coulomb interaction
 Calculate Self-energy through FT
 Spin multiplicity:           1
 Partiallly occpuied states: F
 min           0           0           1           1
 max           0           0           1           1
 min pola           0
 max pola           0
 min state           1
 max state          10
 min state range           4
 max state range           5
 DB1           0
 DB2
 DB3
 N:           0           0
 Omega:   0.0000000000000000        0.0000000000000000     
 freq:           0                       NaN                       NaN
 weight:           0                       NaN                       NaN
 Call fit_multipole
 a_0               (0.0000000000000000,0.0000000000000000)
 a         (9.99999977648258209E-003,0.0000000000000000)         (1.99999995529651642E-002,0.0000000000000000)
 b      (-0.50000000000000000,-9.99999977648258209E-003)        (1.0000000000000000,-9.99999977648258209E-003)
 z,s               (0.0000000000000000,0.0000000000000000)        (-4.39227260649204254E-002,0.0000000000000000) (-5.99700085749874101E-006,-5.99820039168204745E-004)
 z,s               (0.0000000000000000,9.8989896774291992) (-3.67615260183811188E-002,-9.86117869615554810E-002) (-1.50843782742109660E-004,-3.00464189470847805E-003)
 Grad a_0               (2.5629578957952996,5.0754078421320346)
 Grad a             (-0.90799746166234030,1.0789179183481870)
 Grad a             (-1.5015531498671866,0.16704987157420287)
 Routine fit_multipole: chi1 > chi0 
 Routine fit_multipole: chi1 > chi0 
 Routine fit_multipole: maxiter reached    4.6327823706937771E-003
 Done
 Calling minpack
 Allocated
 Chi0 initial:   4.6327823706937771E-003
  INFO :           2   1.0000000000000001E-005
 Minpack fit chi0 :   2.3138161231111071E-005
 Done
 FIT state :           4           1
 FIT    a_0: (-1.71406107887544477E-002,-2.01894537247421513E-002)
 FIT    a:           1             (0.30416986339744639,0.12665177175456832)
 FIT    b:           1            (-2.1626184472268912,-0.53320010229002002)
 FIT    a:           2            (0.75561246830043050,-0.19082352541566364)
 FIT    b:           2              (4.3275565090374322,-1.1569840529544009)
 Call fit_multipole
 a_0               (0.0000000000000000,0.0000000000000000)
 a         (9.99999977648258209E-003,0.0000000000000000)         (1.99999995529651642E-002,0.0000000000000000)
 b      (-0.50000000000000000,-9.99999977648258209E-003)        (1.0000000000000000,-9.99999977648258209E-003)
 z,s               (0.0000000000000000,0.0000000000000000)               (0.0000000000000000,0.0000000000000000) (-5.99700085749874101E-006,-5.99820039168204745E-004)
 z,s               (0.0000000000000000,9.8989896774291992)               (0.0000000000000000,0.0000000000000000) (-1.50843782742109660E-004,-3.00464189470847805E-003)
 Grad a_0      (-7.03494605920771954E-002,-0.37621124838036035)
 Grad a            (0.14069892118415434,-0.13501437702133484)
 Grad a        (0.14069892118415436,6.75071885106674069E-002)
 Routine fit_multipole: chi1 > chi0 
 Routine fit_multipole: chi1 > chi0 
 Routine fit_multipole: maxiter reached    1.9932335966531171E-011
 Done
 Calling minpack
 Allocated
 Chi0 initial:   1.9932335966531171E-011
  INFO :           2   1.0000000000000001E-005
 Minpack fit chi0 :   6.0107767861194995E-023
 Done
 FIT state :           5           1
 FIT    a_0:  (-8.33925518755137143E-012,9.61194776937076974E-012)
 FIT    a:           1   (2.26388353777550478E-013,1.85009226572124319E-012)
 FIT    b:           1      (-0.49350732564927025,-5.52761508152928294E-003)
 FIT    a:           2  (-1.50791612384391403E-010,2.91067401560928546E-010)
 FIT    b:           2        (25.373229079847071,-4.61439628406453990E-003)
 Out of create_self_energy_fit
 FOUND SIGMA  (-9.88882813702623986E-003,2.52488607261443752E-004)  -1.0380414271659162       0.35698934577488328     
 Iteration energy           1        (0.10753253892361625,2.88810857085866728E-002)
 Iteration energy           2  (2.48079921896695310E-002,-3.05168703814192015E-004)
 Iteration energy           3   (3.64419978888154417E-002,6.10134696798429223E-003)
 Iteration energy           4   (3.48553634021563363E-002,4.78351336074273568E-003)
 Iteration energy           5   (3.50592200711993540E-002,5.02924405283649255E-003)
 Iteration energy           6   (3.50352311132688388E-002,4.98601117692259663E-003)
 Iteration energy           7   (3.50376450367517744E-002,4.99327683205054614E-003)
 Iteration energy           8   (3.50374855580045663E-002,4.99210204961020310E-003)
 Iteration energy           9   (3.50374762163360998E-002,4.99228539572472898E-003)
 Iteration energy          10   (3.50374828837337338E-002,4.99225776063700211E-003)
 Iteration energy          11   (3.50374810783902757E-002,4.99226177549631084E-003)
 Iteration energy          12   (3.50374814680045610E-002,4.99226121615148691E-003)
 Iteration energy          13   (3.50374813927079032E-002,4.99226129012756738E-003)
 Iteration energy          14   (3.50374814062834328E-002,4.99226128102390337E-003)
 Iteration energy          15   (3.50374814039570159E-002,4.99226128202092268E-003)
 Iteration energy          16   (3.50374814043395710E-002,4.99226128193575817E-003)
 Iteration energy          17   (3.50374814042789251E-002,4.99226128193777652E-003)
 Iteration energy          18   (3.50374814042882232E-002,4.99226128193920420E-003)
 Iteration energy          19   (3.50374814042868632E-002,4.99226128193871153E-003)
 Iteration energy          20   (3.50374814042870575E-002,4.99226128193883643E-003)
 Iteration energy          21   (3.50374814042870020E-002,4.99226128193880174E-003)
 Iteration energy          22   (3.50374814042870297E-002,4.99226128193882429E-003)
 Iteration energy          23   (3.50374814042870297E-002,4.99226128193880868E-003)
 Iteration energy          24   (3.50374814042870297E-002,4.99226128193880868E-003)
 Iteration energy          25   (3.50374814042870297E-002,4.99226128193880868E-003)
 Iteration energy          26   (3.50374814042870297E-002,4.99226128193880868E-003)
 Iteration energy          27   (3.50374814042870297E-002,4.99226128193880868E-003)
 Iteration energy          28   (3.50374814042870297E-002,4.99226128193880868E-003)
 Iteration energy          29   (3.50374814042870297E-002,4.99226128193880868E-003)
 Iteration energy          30   (3.50374814042870297E-002,4.99226128193880868E-003)
 Iteration energy          31   (3.50374814042870297E-002,4.99226128193880868E-003)
 Iteration energy          32   (3.50374814042870297E-002,4.99226128193880868E-003)
 Iteration energy          33   (3.50374814042870297E-002,4.99226128193880868E-003)
 Iteration energy          34   (3.50374814042870297E-002,4.99226128193880868E-003)
 Iteration energy          35   (3.50374814042870297E-002,4.99226128193880868E-003)
 Iteration energy          36   (3.50374814042870297E-002,4.99226128193880868E-003)
 Iteration energy          37   (3.50374814042870297E-002,4.99226128193880868E-003)
 Iteration energy          38   (3.50374814042870297E-002,4.99226128193880868E-003)
 Iteration energy          39   (3.50374814042870297E-002,4.99226128193880868E-003)
 Iteration energy          40   (3.50374814042870297E-002,4.99226128193880868E-003)
 Iteration energy          41   (3.50374814042870297E-002,4.99226128193880868E-003)
 Iteration energy          42   (3.50374814042870297E-002,4.99226128193880868E-003)
 Iteration energy          43   (3.50374814042870297E-002,4.99226128193880868E-003)
 Iteration energy          44   (3.50374814042870297E-002,4.99226128193880868E-003)
 Iteration energy          45   (3.50374814042870297E-002,4.99226128193880868E-003)
 Iteration energy          46   (3.50374814042870297E-002,4.99226128193880868E-003)
 Iteration energy          47   (3.50374814042870297E-002,4.99226128193880868E-003)
 Iteration energy          48   (3.50374814042870297E-002,4.99226128193880868E-003)
 Iteration energy          49   (3.50374814042870297E-002,4.99226128193880868E-003)
 Iteration energy          50   (3.50374814042870297E-002,4.99226128193880868E-003)
 Iteration energy          51   (3.50374814042870297E-002,4.99226128193880868E-003)
 Iteration energy          52   (3.50374814042870297E-002,4.99226128193880868E-003)
 Iteration energy          53   (3.50374814042870297E-002,4.99226128193880868E-003)
 Iteration energy          54   (3.50374814042870297E-002,4.99226128193880868E-003)
 Iteration energy          55   (3.50374814042870297E-002,4.99226128193880868E-003)
 Iteration energy          56   (3.50374814042870297E-002,4.99226128193880868E-003)
 Iteration energy          57   (3.50374814042870297E-002,4.99226128193880868E-003)
 Iteration energy          58   (3.50374814042870297E-002,4.99226128193880868E-003)
 Iteration energy          59   (3.50374814042870297E-002,4.99226128193880868E-003)
 Iteration energy          60   (3.50374814042870297E-002,4.99226128193880868E-003)
 Iteration energy          61   (3.50374814042870297E-002,4.99226128193880868E-003)
 Iteration energy          62   (3.50374814042870297E-002,4.99226128193880868E-003)
 Iteration energy          63   (3.50374814042870297E-002,4.99226128193880868E-003)
 Iteration energy          64   (3.50374814042870297E-002,4.99226128193880868E-003)
 Iteration energy          65   (3.50374814042870297E-002,4.99226128193880868E-003)
 Iteration energy          66   (3.50374814042870297E-002,4.99226128193880868E-003)
 Iteration energy          67   (3.50374814042870297E-002,4.99226128193880868E-003)
 Iteration energy          68   (3.50374814042870297E-002,4.99226128193880868E-003)
 Iteration energy          69   (3.50374814042870297E-002,4.99226128193880868E-003)
 Iteration energy          70   (3.50374814042870297E-002,4.99226128193880868E-003)
 Iteration energy          71   (3.50374814042870297E-002,4.99226128193880868E-003)
 Iteration energy          72   (3.50374814042870297E-002,4.99226128193880868E-003)
 Iteration energy          73   (3.50374814042870297E-002,4.99226128193880868E-003)
 Iteration energy          74   (3.50374814042870297E-002,4.99226128193880868E-003)
 Iteration energy          75   (3.50374814042870297E-002,4.99226128193880868E-003)
 Iteration energy          76   (3.50374814042870297E-002,4.99226128193880868E-003)
 Iteration energy          77   (3.50374814042870297E-002,4.99226128193880868E-003)
 Iteration energy          78   (3.50374814042870297E-002,4.99226128193880868E-003)
 Iteration energy          79   (3.50374814042870297E-002,4.99226128193880868E-003)
 Iteration energy          80   (3.50374814042870297E-002,4.99226128193880868E-003)
 Iteration energy          81   (3.50374814042870297E-002,4.99226128193880868E-003)
 Iteration energy          82   (3.50374814042870297E-002,4.99226128193880868E-003)
 Iteration energy          83   (3.50374814042870297E-002,4.99226128193880868E-003)
 Iteration energy          84   (3.50374814042870297E-002,4.99226128193880868E-003)
 Iteration energy          85   (3.50374814042870297E-002,4.99226128193880868E-003)
 Iteration energy          86   (3.50374814042870297E-002,4.99226128193880868E-003)
 Iteration energy          87   (3.50374814042870297E-002,4.99226128193880868E-003)
 Iteration energy          88   (3.50374814042870297E-002,4.99226128193880868E-003)
 Iteration energy          89   (3.50374814042870297E-002,4.99226128193880868E-003)
 Iteration energy          90   (3.50374814042870297E-002,4.99226128193880868E-003)
 Iteration energy          91   (3.50374814042870297E-002,4.99226128193880868E-003)
 Iteration energy          92   (3.50374814042870297E-002,4.99226128193880868E-003)
 Iteration energy          93   (3.50374814042870297E-002,4.99226128193880868E-003)
 Iteration energy          94   (3.50374814042870297E-002,4.99226128193880868E-003)
 Iteration energy          95   (3.50374814042870297E-002,4.99226128193880868E-003)
 Iteration energy          96   (3.50374814042870297E-002,4.99226128193880868E-003)
 Iteration energy          97   (3.50374814042870297E-002,4.99226128193880868E-003)
 Iteration energy          98   (3.50374814042870297E-002,4.99226128193880868E-003)
 Iteration energy          99   (3.50374814042870297E-002,4.99226128193880868E-003)
 Iteration energy         100   (3.50374814042870297E-002,4.99226128193880868E-003)
 FOUND SIGMA  (-2.02371409373966853E-012,2.86292748715170765E-013)   6.5082148672849588E-002  0.35698934577488328     
 Iteration energy           1  (-1.94091619919152143E-012,1.41984173796357448E-012)
 Iteration energy           2 (-2.03417387916617818E-012,-3.33069461929398460E-014)
 Iteration energy           3 (-2.03417387917005397E-012,-3.33069461926118819E-014)
 Iteration energy           4 (-2.03417387917005397E-012,-3.33069461926118819E-014)
 Iteration energy           5 (-2.03417387917005397E-012,-3.33069461926118819E-014)
 Iteration energy           6 (-2.03417387917005397E-012,-3.33069461926118819E-014)
 Iteration energy           7 (-2.03417387917005397E-012,-3.33069461926118819E-014)
 Iteration energy           8 (-2.03417387917005397E-012,-3.33069461926118819E-014)
 Iteration energy           9 (-2.03417387917005397E-012,-3.33069461926118819E-014)
 Iteration energy          10 (-2.03417387917005397E-012,-3.33069461926118819E-014)
 Iteration energy          11 (-2.03417387917005397E-012,-3.33069461926118819E-014)
 Iteration energy          12 (-2.03417387917005397E-012,-3.33069461926118819E-014)
 Iteration energy          13 (-2.03417387917005397E-012,-3.33069461926118819E-014)
 Iteration energy          14 (-2.03417387917005397E-012,-3.33069461926118819E-014)
 Iteration energy          15 (-2.03417387917005397E-012,-3.33069461926118819E-014)
 Iteration energy          16 (-2.03417387917005397E-012,-3.33069461926118819E-014)
 Iteration energy          17 (-2.03417387917005397E-012,-3.33069461926118819E-014)
 Iteration energy          18 (-2.03417387917005397E-012,-3.33069461926118819E-014)
 Iteration energy          19 (-2.03417387917005397E-012,-3.33069461926118819E-014)
 Iteration energy          20 (-2.03417387917005397E-012,-3.33069461926118819E-014)
 Iteration energy          21 (-2.03417387917005397E-012,-3.33069461926118819E-014)
 Iteration energy          22 (-2.03417387917005397E-012,-3.33069461926118819E-014)
 Iteration energy          23 (-2.03417387917005397E-012,-3.33069461926118819E-014)
 Iteration energy          24 (-2.03417387917005397E-012,-3.33069461926118819E-014)
 Iteration energy          25 (-2.03417387917005397E-012,-3.33069461926118819E-014)
 Iteration energy          26 (-2.03417387917005397E-012,-3.33069461926118819E-014)
 Iteration energy          27 (-2.03417387917005397E-012,-3.33069461926118819E-014)
 Iteration energy          28 (-2.03417387917005397E-012,-3.33069461926118819E-014)
 Iteration energy          29 (-2.03417387917005397E-012,-3.33069461926118819E-014)
 Iteration energy          30 (-2.03417387917005397E-012,-3.33069461926118819E-014)
 Iteration energy          31 (-2.03417387917005397E-012,-3.33069461926118819E-014)
 Iteration energy          32 (-2.03417387917005397E-012,-3.33069461926118819E-014)
 Iteration energy          33 (-2.03417387917005397E-012,-3.33069461926118819E-014)
 Iteration energy          34 (-2.03417387917005397E-012,-3.33069461926118819E-014)
 Iteration energy          35 (-2.03417387917005397E-012,-3.33069461926118819E-014)
 Iteration energy          36 (-2.03417387917005397E-012,-3.33069461926118819E-014)
 Iteration energy          37 (-2.03417387917005397E-012,-3.33069461926118819E-014)
 Iteration energy          38 (-2.03417387917005397E-012,-3.33069461926118819E-014)
 Iteration energy          39 (-2.03417387917005397E-012,-3.33069461926118819E-014)
 Iteration energy          40 (-2.03417387917005397E-012,-3.33069461926118819E-014)
 Iteration energy          41 (-2.03417387917005397E-012,-3.33069461926118819E-014)
 Iteration energy          42 (-2.03417387917005397E-012,-3.33069461926118819E-014)
 Iteration energy          43 (-2.03417387917005397E-012,-3.33069461926118819E-014)
 Iteration energy          44 (-2.03417387917005397E-012,-3.33069461926118819E-014)
 Iteration energy          45 (-2.03417387917005397E-012,-3.33069461926118819E-014)
 Iteration energy          46 (-2.03417387917005397E-012,-3.33069461926118819E-014)
 Iteration energy          47 (-2.03417387917005397E-012,-3.33069461926118819E-014)
 Iteration energy          48 (-2.03417387917005397E-012,-3.33069461926118819E-014)
 Iteration energy          49 (-2.03417387917005397E-012,-3.33069461926118819E-014)
 Iteration energy          50 (-2.03417387917005397E-012,-3.33069461926118819E-014)
 Iteration energy          51 (-2.03417387917005397E-012,-3.33069461926118819E-014)
 Iteration energy          52 (-2.03417387917005397E-012,-3.33069461926118819E-014)
 Iteration energy          53 (-2.03417387917005397E-012,-3.33069461926118819E-014)
 Iteration energy          54 (-2.03417387917005397E-012,-3.33069461926118819E-014)
 Iteration energy          55 (-2.03417387917005397E-012,-3.33069461926118819E-014)
 Iteration energy          56 (-2.03417387917005397E-012,-3.33069461926118819E-014)
 Iteration energy          57 (-2.03417387917005397E-012,-3.33069461926118819E-014)
 Iteration energy          58 (-2.03417387917005397E-012,-3.33069461926118819E-014)
 Iteration energy          59 (-2.03417387917005397E-012,-3.33069461926118819E-014)
 Iteration energy          60 (-2.03417387917005397E-012,-3.33069461926118819E-014)
 Iteration energy          61 (-2.03417387917005397E-012,-3.33069461926118819E-014)
 Iteration energy          62 (-2.03417387917005397E-012,-3.33069461926118819E-014)
 Iteration energy          63 (-2.03417387917005397E-012,-3.33069461926118819E-014)
 Iteration energy          64 (-2.03417387917005397E-012,-3.33069461926118819E-014)
 Iteration energy          65 (-2.03417387917005397E-012,-3.33069461926118819E-014)
 Iteration energy          66 (-2.03417387917005397E-012,-3.33069461926118819E-014)
 Iteration energy          67 (-2.03417387917005397E-012,-3.33069461926118819E-014)
 Iteration energy          68 (-2.03417387917005397E-012,-3.33069461926118819E-014)
 Iteration energy          69 (-2.03417387917005397E-012,-3.33069461926118819E-014)
 Iteration energy          70 (-2.03417387917005397E-012,-3.33069461926118819E-014)
 Iteration energy          71 (-2.03417387917005397E-012,-3.33069461926118819E-014)
 Iteration energy          72 (-2.03417387917005397E-012,-3.33069461926118819E-014)
 Iteration energy          73 (-2.03417387917005397E-012,-3.33069461926118819E-014)
 Iteration energy          74 (-2.03417387917005397E-012,-3.33069461926118819E-014)
 Iteration energy          75 (-2.03417387917005397E-012,-3.33069461926118819E-014)
 Iteration energy          76 (-2.03417387917005397E-012,-3.33069461926118819E-014)
 Iteration energy          77 (-2.03417387917005397E-012,-3.33069461926118819E-014)
 Iteration energy          78 (-2.03417387917005397E-012,-3.33069461926118819E-014)
 Iteration energy          79 (-2.03417387917005397E-012,-3.33069461926118819E-014)
 Iteration energy          80 (-2.03417387917005397E-012,-3.33069461926118819E-014)
 Iteration energy          81 (-2.03417387917005397E-012,-3.33069461926118819E-014)
 Iteration energy          82 (-2.03417387917005397E-012,-3.33069461926118819E-014)
 Iteration energy          83 (-2.03417387917005397E-012,-3.33069461926118819E-014)
 Iteration energy          84 (-2.03417387917005397E-012,-3.33069461926118819E-014)
 Iteration energy          85 (-2.03417387917005397E-012,-3.33069461926118819E-014)
 Iteration energy          86 (-2.03417387917005397E-012,-3.33069461926118819E-014)
 Iteration energy          87 (-2.03417387917005397E-012,-3.33069461926118819E-014)
 Iteration energy          88 (-2.03417387917005397E-012,-3.33069461926118819E-014)
 Iteration energy          89 (-2.03417387917005397E-012,-3.33069461926118819E-014)
 Iteration energy          90 (-2.03417387917005397E-012,-3.33069461926118819E-014)
 Iteration energy          91 (-2.03417387917005397E-012,-3.33069461926118819E-014)
 Iteration energy          92 (-2.03417387917005397E-012,-3.33069461926118819E-014)
 Iteration energy          93 (-2.03417387917005397E-012,-3.33069461926118819E-014)
 Iteration energy          94 (-2.03417387917005397E-012,-3.33069461926118819E-014)
 Iteration energy          95 (-2.03417387917005397E-012,-3.33069461926118819E-014)
 Iteration energy          96 (-2.03417387917005397E-012,-3.33069461926118819E-014)
 Iteration energy          97 (-2.03417387917005397E-012,-3.33069461926118819E-014)
 Iteration energy          98 (-2.03417387917005397E-012,-3.33069461926118819E-014)
 Iteration energy          99 (-2.03417387917005397E-012,-3.33069461926118819E-014)
 Iteration energy         100 (-2.03417387917005397E-012,-3.33069461926118819E-014)
 QUASI-PARTICLES ENERGIES IN Ev:
 SPIN :           1
State:    4LDA  :  -9.13206 GW-PERT  : -13.70495 GW  : -13.64656 HF-pert : -14.12327
State:    5LDA  :  -0.58211 GW-PERT  :   0.88549 GW  :   0.88549 HF-pert :   0.88549
 IMAGINARY ENERGIES IN Ev:
State:    4 GW (Im) :   0.06792
State:    5 GW (Im) :  -0.00000
 Stopping MPI environment
