
     Program GWW v.6.4rc starts on  8Jun2021 at 10:33:53 

     This program is part of the open-source Quantum ESPRESSO suite
     for quantum simulation of materials; please cite
         "P. Giannozzi et al., J. Phys.:Condens. Matter 21 395502 (2009);
         "P. Giannozzi et al., J. Phys.:Condens. Matter 29 465901 (2017);
          URL http://www.quantum-espresso.org", 
     in publications or presentations arising from this work. More details at
     http://www.quantum-espresso.org/quote

     Parallel version (MPI), running on     1 processors

     MPI processes distributed on     1 nodes
 MPI PARALLEL VERSION
 Number of procs:            1
 GWL: Version 1.00
 PROGRAM GWW-FIT: Version 1.0
 Number of intervals:            0
 Number of intervals for fit:          50
 Maximum imaginary time:                        NaN
 Print whole Sigma:  F
 Maximum state considered:          10
 Prefix:Methane
 Rows together in FFT:          50
 Accurate treatment of conduction states
 Uses contractions on single states
 Uses no fft grid for time/space integrations
 Time grid :           3
 Frequency grid :           3
 Max frequency :   0.0000000000000000     
 Consider states from:           4  to            5
 Maximum number of iterations in minpack:        20000
 Number of cycles over minpack:            1
 Uses LDA Hartree : T
 Uses LDA Exchange : T
 Uses SYMMETRIZED DIELECTRIC MATRIX
 Head of dielectric matrix from file
 Treatment of W divergence:           0
 Wings of dielectric matrix from file
 Offset fit :           0
 Read vcprim terms from file
 Calculates the polarization directly from the overlaps
 Polarization Calculated through Lanczos scheme
 Self-energy Calculated through Lanczos scheme
 Convolution done analytically
 Block length fequency         100
 Block length states           5
 Block length valence states           4
 Block length fequency lc           1
 Reduced disk I/O
 t vectors from Wannier products
 Use truncated Coulomb interaction
 Calculate Self-energy through FT
 Spin multiplicity:           1
 Partiallly occpuied states: F
 min           0           0           1           1
 max           0           0           1           1
 min pola           0
 max pola           0
 min state           1
 max state          10
 min state range           4
 max state range           5
 DB1           0
 DB2
 DB3
 N:           0           0
 Omega:   0.0000000000000000        0.0000000000000000     
 freq:           0                       NaN                       NaN
 weight:           0                       NaN                       NaN
 Call fit_multipole
 a_0               (0.0000000000000000,0.0000000000000000)
 a         (9.99999977648258209E-003,0.0000000000000000)         (1.99999995529651642E-002,0.0000000000000000)
 b      (-0.50000000000000000,-9.99999977648258209E-003)        (1.0000000000000000,-9.99999977648258209E-003)
 z,s               (0.0000000000000000,0.0000000000000000)        (-4.39227260649204254E-002,0.0000000000000000) (-5.99700085749874101E-006,-5.99820039168204745E-004)
 z,s               (0.0000000000000000,9.8989896774291992) (-3.67615260183811188E-002,-9.86117869615554810E-002) (-1.50843782742109660E-004,-3.00464189470847805E-003)
 Grad a_0               (2.5629578957952996,5.0754078421320346)
 Grad a             (-0.90799746166234030,1.0789179183481870)
 Grad a             (-1.5015531498671866,0.16704987157420287)
 Routine fit_multipole: chi1 > chi0 
 Routine fit_multipole: chi1 > chi0 
 Routine fit_multipole: maxiter reached    4.6680490599878034E-003
 Done
 Calling minpack
 Allocated
 Chi0 initial:   4.6680490599878034E-003
  INFO :           2   1.0000000000000001E-005
 Minpack fit chi0 :   2.4583949999812213E-005
 Done
 FIT state :           4           1
 FIT    a_0: (-1.77142842366850781E-002,-2.05986361512787257E-002)
 FIT    a:           1             (0.30011796001408636,0.12604410079880810)
 FIT    b:           1            (-2.1510934948417781,-0.52385381804250608)
 FIT    a:           2            (0.75043395054905560,-0.18211613041065952)
 FIT    b:           2              (4.3348045325373672,-1.1256595226689468)
 Call fit_multipole
 a_0               (0.0000000000000000,0.0000000000000000)
 a         (9.99999977648258209E-003,0.0000000000000000)         (1.99999995529651642E-002,0.0000000000000000)
 b      (-0.50000000000000000,-9.99999977648258209E-003)        (1.0000000000000000,-9.99999977648258209E-003)
 z,s               (0.0000000000000000,0.0000000000000000)               (0.0000000000000000,0.0000000000000000) (-5.99700085749874101E-006,-5.99820039168204745E-004)
 z,s               (0.0000000000000000,9.8989896774291992)               (0.0000000000000000,0.0000000000000000) (-1.50843782742109660E-004,-3.00464189470847805E-003)
 Grad a_0      (-7.03494605920771954E-002,-0.37621124838036035)
 Grad a            (0.14069892118415434,-0.13501437702133484)
 Grad a        (0.14069892118415436,6.75071885106674069E-002)
 Routine fit_multipole: chi1 > chi0 
 Routine fit_multipole: chi1 > chi0 
 Routine fit_multipole: maxiter reached    1.2350583434602188E-011
 Done
 Calling minpack
 Allocated
 Chi0 initial:   1.2350583434602188E-011
  INFO :           2   1.0000000000000001E-005
 Minpack fit chi0 :   3.7887787688772844E-023
 Done
 FIT state :           5           1
 FIT    a_0:  (-8.75150115727149705E-012,5.08470107309242513E-012)
 FIT    a:           1  (-3.07389180109087409E-013,1.44159239538993432E-012)
 FIT    b:           1      (-0.49210795760154186,-6.10606884583061310E-003)
 FIT    a:           2  (-1.89058776774201952E-010,1.80527037772262681E-010)
 FIT    b:           2        (25.435024477240599,-6.15190926760339658E-003)
 Out of create_self_energy_fit
 FOUND SIGMA  (-9.96046285809898402E-003,1.47340455664140543E-004)  -1.0380414271659162       0.35698934577488328     
 Iteration energy           1        (0.10822996425550080,2.82749740740659179E-002)
 Iteration energy           2  (2.46690576235953363E-002,-5.23207541361751360E-004)
 Iteration energy           3   (3.65081082109093846E-002,5.79514285415431811E-003)
 Iteration energy           4   (3.48741016071980325E-002,4.48945534208129108E-003)
 Iteration energy           5   (3.50876804755422267E-002,4.73429996182580214E-003)
 Iteration energy           6   (3.50618438970037027E-002,4.69092106468746960E-003)
 Iteration energy           7   (3.50645871444771329E-002,4.69827167461135849E-003)
 Iteration energy           8   (3.50643722546671033E-002,4.69707157437412523E-003)
 Iteration energy           9   (3.50643717196571780E-002,4.69726102722470285E-003)
 Iteration energy          10   (3.50643770722210701E-002,4.69723207807633790E-003)
 Iteration energy          11   (3.50643754485130965E-002,4.69723635498217433E-003)
 Iteration energy          12   (3.50643758157375696E-002,4.69723574629109242E-003)
 Iteration energy          13   (3.50643757426609692E-002,4.69723582913278599E-003)
 Iteration energy          14   (3.50643757561378278E-002,4.69723581850080892E-003)
 Iteration energy          15   (3.50643757537816014E-002,4.69723581975130863E-003)
 Iteration energy          16   (3.50643757541766465E-002,4.69723581962567735E-003)
 Iteration energy          17   (3.50643757541127810E-002,4.69723581963390341E-003)
 Iteration energy          18   (3.50643757541227730E-002,4.69723581963442556E-003)
 Iteration energy          19   (3.50643757541212464E-002,4.69723581963405780E-003)
 Iteration energy          20   (3.50643757541214407E-002,4.69723581963415321E-003)
 Iteration energy          21   (3.50643757541214129E-002,4.69723581963414107E-003)
 Iteration energy          22   (3.50643757541214129E-002,4.69723581963414107E-003)
 Iteration energy          23   (3.50643757541214129E-002,4.69723581963414107E-003)
 Iteration energy          24   (3.50643757541214129E-002,4.69723581963414107E-003)
 Iteration energy          25   (3.50643757541214129E-002,4.69723581963414107E-003)
 Iteration energy          26   (3.50643757541214129E-002,4.69723581963414107E-003)
 Iteration energy          27   (3.50643757541214129E-002,4.69723581963414107E-003)
 Iteration energy          28   (3.50643757541214129E-002,4.69723581963414107E-003)
 Iteration energy          29   (3.50643757541214129E-002,4.69723581963414107E-003)
 Iteration energy          30   (3.50643757541214129E-002,4.69723581963414107E-003)
 Iteration energy          31   (3.50643757541214129E-002,4.69723581963414107E-003)
 Iteration energy          32   (3.50643757541214129E-002,4.69723581963414107E-003)
 Iteration energy          33   (3.50643757541214129E-002,4.69723581963414107E-003)
 Iteration energy          34   (3.50643757541214129E-002,4.69723581963414107E-003)
 Iteration energy          35   (3.50643757541214129E-002,4.69723581963414107E-003)
 Iteration energy          36   (3.50643757541214129E-002,4.69723581963414107E-003)
 Iteration energy          37   (3.50643757541214129E-002,4.69723581963414107E-003)
 Iteration energy          38   (3.50643757541214129E-002,4.69723581963414107E-003)
 Iteration energy          39   (3.50643757541214129E-002,4.69723581963414107E-003)
 Iteration energy          40   (3.50643757541214129E-002,4.69723581963414107E-003)
 Iteration energy          41   (3.50643757541214129E-002,4.69723581963414107E-003)
 Iteration energy          42   (3.50643757541214129E-002,4.69723581963414107E-003)
 Iteration energy          43   (3.50643757541214129E-002,4.69723581963414107E-003)
 Iteration energy          44   (3.50643757541214129E-002,4.69723581963414107E-003)
 Iteration energy          45   (3.50643757541214129E-002,4.69723581963414107E-003)
 Iteration energy          46   (3.50643757541214129E-002,4.69723581963414107E-003)
 Iteration energy          47   (3.50643757541214129E-002,4.69723581963414107E-003)
 Iteration energy          48   (3.50643757541214129E-002,4.69723581963414107E-003)
 Iteration energy          49   (3.50643757541214129E-002,4.69723581963414107E-003)
 Iteration energy          50   (3.50643757541214129E-002,4.69723581963414107E-003)
 Iteration energy          51   (3.50643757541214129E-002,4.69723581963414107E-003)
 Iteration energy          52   (3.50643757541214129E-002,4.69723581963414107E-003)
 Iteration energy          53   (3.50643757541214129E-002,4.69723581963414107E-003)
 Iteration energy          54   (3.50643757541214129E-002,4.69723581963414107E-003)
 Iteration energy          55   (3.50643757541214129E-002,4.69723581963414107E-003)
 Iteration energy          56   (3.50643757541214129E-002,4.69723581963414107E-003)
 Iteration energy          57   (3.50643757541214129E-002,4.69723581963414107E-003)
 Iteration energy          58   (3.50643757541214129E-002,4.69723581963414107E-003)
 Iteration energy          59   (3.50643757541214129E-002,4.69723581963414107E-003)
 Iteration energy          60   (3.50643757541214129E-002,4.69723581963414107E-003)
 Iteration energy          61   (3.50643757541214129E-002,4.69723581963414107E-003)
 Iteration energy          62   (3.50643757541214129E-002,4.69723581963414107E-003)
 Iteration energy          63   (3.50643757541214129E-002,4.69723581963414107E-003)
 Iteration energy          64   (3.50643757541214129E-002,4.69723581963414107E-003)
 Iteration energy          65   (3.50643757541214129E-002,4.69723581963414107E-003)
 Iteration energy          66   (3.50643757541214129E-002,4.69723581963414107E-003)
 Iteration energy          67   (3.50643757541214129E-002,4.69723581963414107E-003)
 Iteration energy          68   (3.50643757541214129E-002,4.69723581963414107E-003)
 Iteration energy          69   (3.50643757541214129E-002,4.69723581963414107E-003)
 Iteration energy          70   (3.50643757541214129E-002,4.69723581963414107E-003)
 Iteration energy          71   (3.50643757541214129E-002,4.69723581963414107E-003)
 Iteration energy          72   (3.50643757541214129E-002,4.69723581963414107E-003)
 Iteration energy          73   (3.50643757541214129E-002,4.69723581963414107E-003)
 Iteration energy          74   (3.50643757541214129E-002,4.69723581963414107E-003)
 Iteration energy          75   (3.50643757541214129E-002,4.69723581963414107E-003)
 Iteration energy          76   (3.50643757541214129E-002,4.69723581963414107E-003)
 Iteration energy          77   (3.50643757541214129E-002,4.69723581963414107E-003)
 Iteration energy          78   (3.50643757541214129E-002,4.69723581963414107E-003)
 Iteration energy          79   (3.50643757541214129E-002,4.69723581963414107E-003)
 Iteration energy          80   (3.50643757541214129E-002,4.69723581963414107E-003)
 Iteration energy          81   (3.50643757541214129E-002,4.69723581963414107E-003)
 Iteration energy          82   (3.50643757541214129E-002,4.69723581963414107E-003)
 Iteration energy          83   (3.50643757541214129E-002,4.69723581963414107E-003)
 Iteration energy          84   (3.50643757541214129E-002,4.69723581963414107E-003)
 Iteration energy          85   (3.50643757541214129E-002,4.69723581963414107E-003)
 Iteration energy          86   (3.50643757541214129E-002,4.69723581963414107E-003)
 Iteration energy          87   (3.50643757541214129E-002,4.69723581963414107E-003)
 Iteration energy          88   (3.50643757541214129E-002,4.69723581963414107E-003)
 Iteration energy          89   (3.50643757541214129E-002,4.69723581963414107E-003)
 Iteration energy          90   (3.50643757541214129E-002,4.69723581963414107E-003)
 Iteration energy          91   (3.50643757541214129E-002,4.69723581963414107E-003)
 Iteration energy          92   (3.50643757541214129E-002,4.69723581963414107E-003)
 Iteration energy          93   (3.50643757541214129E-002,4.69723581963414107E-003)
 Iteration energy          94   (3.50643757541214129E-002,4.69723581963414107E-003)
 Iteration energy          95   (3.50643757541214129E-002,4.69723581963414107E-003)
 Iteration energy          96   (3.50643757541214129E-002,4.69723581963414107E-003)
 Iteration energy          97   (3.50643757541214129E-002,4.69723581963414107E-003)
 Iteration energy          98   (3.50643757541214129E-002,4.69723581963414107E-003)
 Iteration energy          99   (3.50643757541214129E-002,4.69723581963414107E-003)
 Iteration energy         100   (3.50643757541214129E-002,4.69723581963414107E-003)
 FOUND SIGMA (-1.59142999822124282E-012,-3.09139878563675390E-013)   6.5082148672849588E-002  0.35698934577488328     
 Iteration energy           1  (-1.82096023825431651E-012,5.63712586363502011E-013)
 Iteration energy           2 (-1.51699034473976399E-012,-5.51681172518170789E-013)
 Iteration energy           3 (-1.51699034474181740E-012,-5.51681172519504457E-013)
 Iteration energy           4 (-1.51699034474181740E-012,-5.51681172519504457E-013)
 Iteration energy           5 (-1.51699034474181740E-012,-5.51681172519504457E-013)
 Iteration energy           6 (-1.51699034474181740E-012,-5.51681172519504457E-013)
 Iteration energy           7 (-1.51699034474181740E-012,-5.51681172519504457E-013)
 Iteration energy           8 (-1.51699034474181740E-012,-5.51681172519504457E-013)
 Iteration energy           9 (-1.51699034474181740E-012,-5.51681172519504457E-013)
 Iteration energy          10 (-1.51699034474181740E-012,-5.51681172519504457E-013)
 Iteration energy          11 (-1.51699034474181740E-012,-5.51681172519504457E-013)
 Iteration energy          12 (-1.51699034474181740E-012,-5.51681172519504457E-013)
 Iteration energy          13 (-1.51699034474181740E-012,-5.51681172519504457E-013)
 Iteration energy          14 (-1.51699034474181740E-012,-5.51681172519504457E-013)
 Iteration energy          15 (-1.51699034474181740E-012,-5.51681172519504457E-013)
 Iteration energy          16 (-1.51699034474181740E-012,-5.51681172519504457E-013)
 Iteration energy          17 (-1.51699034474181740E-012,-5.51681172519504457E-013)
 Iteration energy          18 (-1.51699034474181740E-012,-5.51681172519504457E-013)
 Iteration energy          19 (-1.51699034474181740E-012,-5.51681172519504457E-013)
 Iteration energy          20 (-1.51699034474181740E-012,-5.51681172519504457E-013)
 Iteration energy          21 (-1.51699034474181740E-012,-5.51681172519504457E-013)
 Iteration energy          22 (-1.51699034474181740E-012,-5.51681172519504457E-013)
 Iteration energy          23 (-1.51699034474181740E-012,-5.51681172519504457E-013)
 Iteration energy          24 (-1.51699034474181740E-012,-5.51681172519504457E-013)
 Iteration energy          25 (-1.51699034474181740E-012,-5.51681172519504457E-013)
 Iteration energy          26 (-1.51699034474181740E-012,-5.51681172519504457E-013)
 Iteration energy          27 (-1.51699034474181740E-012,-5.51681172519504457E-013)
 Iteration energy          28 (-1.51699034474181740E-012,-5.51681172519504457E-013)
 Iteration energy          29 (-1.51699034474181740E-012,-5.51681172519504457E-013)
 Iteration energy          30 (-1.51699034474181740E-012,-5.51681172519504457E-013)
 Iteration energy          31 (-1.51699034474181740E-012,-5.51681172519504457E-013)
 Iteration energy          32 (-1.51699034474181740E-012,-5.51681172519504457E-013)
 Iteration energy          33 (-1.51699034474181740E-012,-5.51681172519504457E-013)
 Iteration energy          34 (-1.51699034474181740E-012,-5.51681172519504457E-013)
 Iteration energy          35 (-1.51699034474181740E-012,-5.51681172519504457E-013)
 Iteration energy          36 (-1.51699034474181740E-012,-5.51681172519504457E-013)
 Iteration energy          37 (-1.51699034474181740E-012,-5.51681172519504457E-013)
 Iteration energy          38 (-1.51699034474181740E-012,-5.51681172519504457E-013)
 Iteration energy          39 (-1.51699034474181740E-012,-5.51681172519504457E-013)
 Iteration energy          40 (-1.51699034474181740E-012,-5.51681172519504457E-013)
 Iteration energy          41 (-1.51699034474181740E-012,-5.51681172519504457E-013)
 Iteration energy          42 (-1.51699034474181740E-012,-5.51681172519504457E-013)
 Iteration energy          43 (-1.51699034474181740E-012,-5.51681172519504457E-013)
 Iteration energy          44 (-1.51699034474181740E-012,-5.51681172519504457E-013)
 Iteration energy          45 (-1.51699034474181740E-012,-5.51681172519504457E-013)
 Iteration energy          46 (-1.51699034474181740E-012,-5.51681172519504457E-013)
 Iteration energy          47 (-1.51699034474181740E-012,-5.51681172519504457E-013)
 Iteration energy          48 (-1.51699034474181740E-012,-5.51681172519504457E-013)
 Iteration energy          49 (-1.51699034474181740E-012,-5.51681172519504457E-013)
 Iteration energy          50 (-1.51699034474181740E-012,-5.51681172519504457E-013)
 Iteration energy          51 (-1.51699034474181740E-012,-5.51681172519504457E-013)
 Iteration energy          52 (-1.51699034474181740E-012,-5.51681172519504457E-013)
 Iteration energy          53 (-1.51699034474181740E-012,-5.51681172519504457E-013)
 Iteration energy          54 (-1.51699034474181740E-012,-5.51681172519504457E-013)
 Iteration energy          55 (-1.51699034474181740E-012,-5.51681172519504457E-013)
 Iteration energy          56 (-1.51699034474181740E-012,-5.51681172519504457E-013)
 Iteration energy          57 (-1.51699034474181740E-012,-5.51681172519504457E-013)
 Iteration energy          58 (-1.51699034474181740E-012,-5.51681172519504457E-013)
 Iteration energy          59 (-1.51699034474181740E-012,-5.51681172519504457E-013)
 Iteration energy          60 (-1.51699034474181740E-012,-5.51681172519504457E-013)
 Iteration energy          61 (-1.51699034474181740E-012,-5.51681172519504457E-013)
 Iteration energy          62 (-1.51699034474181740E-012,-5.51681172519504457E-013)
 Iteration energy          63 (-1.51699034474181740E-012,-5.51681172519504457E-013)
 Iteration energy          64 (-1.51699034474181740E-012,-5.51681172519504457E-013)
 Iteration energy          65 (-1.51699034474181740E-012,-5.51681172519504457E-013)
 Iteration energy          66 (-1.51699034474181740E-012,-5.51681172519504457E-013)
 Iteration energy          67 (-1.51699034474181740E-012,-5.51681172519504457E-013)
 Iteration energy          68 (-1.51699034474181740E-012,-5.51681172519504457E-013)
 Iteration energy          69 (-1.51699034474181740E-012,-5.51681172519504457E-013)
 Iteration energy          70 (-1.51699034474181740E-012,-5.51681172519504457E-013)
 Iteration energy          71 (-1.51699034474181740E-012,-5.51681172519504457E-013)
 Iteration energy          72 (-1.51699034474181740E-012,-5.51681172519504457E-013)
 Iteration energy          73 (-1.51699034474181740E-012,-5.51681172519504457E-013)
 Iteration energy          74 (-1.51699034474181740E-012,-5.51681172519504457E-013)
 Iteration energy          75 (-1.51699034474181740E-012,-5.51681172519504457E-013)
 Iteration energy          76 (-1.51699034474181740E-012,-5.51681172519504457E-013)
 Iteration energy          77 (-1.51699034474181740E-012,-5.51681172519504457E-013)
 Iteration energy          78 (-1.51699034474181740E-012,-5.51681172519504457E-013)
 Iteration energy          79 (-1.51699034474181740E-012,-5.51681172519504457E-013)
 Iteration energy          80 (-1.51699034474181740E-012,-5.51681172519504457E-013)
 Iteration energy          81 (-1.51699034474181740E-012,-5.51681172519504457E-013)
 Iteration energy          82 (-1.51699034474181740E-012,-5.51681172519504457E-013)
 Iteration energy          83 (-1.51699034474181740E-012,-5.51681172519504457E-013)
 Iteration energy          84 (-1.51699034474181740E-012,-5.51681172519504457E-013)
 Iteration energy          85 (-1.51699034474181740E-012,-5.51681172519504457E-013)
 Iteration energy          86 (-1.51699034474181740E-012,-5.51681172519504457E-013)
 Iteration energy          87 (-1.51699034474181740E-012,-5.51681172519504457E-013)
 Iteration energy          88 (-1.51699034474181740E-012,-5.51681172519504457E-013)
 Iteration energy          89 (-1.51699034474181740E-012,-5.51681172519504457E-013)
 Iteration energy          90 (-1.51699034474181740E-012,-5.51681172519504457E-013)
 Iteration energy          91 (-1.51699034474181740E-012,-5.51681172519504457E-013)
 Iteration energy          92 (-1.51699034474181740E-012,-5.51681172519504457E-013)
 Iteration energy          93 (-1.51699034474181740E-012,-5.51681172519504457E-013)
 Iteration energy          94 (-1.51699034474181740E-012,-5.51681172519504457E-013)
 Iteration energy          95 (-1.51699034474181740E-012,-5.51681172519504457E-013)
 Iteration energy          96 (-1.51699034474181740E-012,-5.51681172519504457E-013)
 Iteration energy          97 (-1.51699034474181740E-012,-5.51681172519504457E-013)
 Iteration energy          98 (-1.51699034474181740E-012,-5.51681172519504457E-013)
 Iteration energy          99 (-1.51699034474181740E-012,-5.51681172519504457E-013)
 Iteration energy         100 (-1.51699034474181740E-012,-5.51681172519504457E-013)
 QUASI-PARTICLES ENERGIES IN Ev:
 SPIN :           1
State:    4LDA  :  -9.13206 GW-PERT  : -13.70563 GW  : -13.64620 HF-pert : -14.12327
State:    5LDA  :  -0.58211 GW-PERT  :   0.88549 GW  :   0.88549 HF-pert :   0.88549
 IMAGINARY ENERGIES IN Ev:
State:    4 GW (Im) :   0.06391
State:    5 GW (Im) :  -0.00000
 Stopping MPI environment
