

*******************************************************************************
Tue Jun  8 10:52:08 2021


FIT:    data read from "homo.txt" u ($1**3):2
        format = x:z
        #datapoints = 4
        residuals are weighted equally (unit weight)

function used for fitting: f(x)
	f(x)=a+b/x**3
fitted parameters initialized with current variable values

iter      chisq       delta/lim  lambda   a             b            
   0 4.2669602606e+02   0.00e+00  7.07e-01    1.000000e+00   1.000000e+00
   4 5.8739019990e-02  -2.20e-09  7.07e-05   -9.327600e+00   1.000010e+00

After 4 iterations the fit converged.
final sum of squares of residuals : 0.058739
rel. change during last iteration : -2.19723e-14

degrees of freedom    (FIT_NDF)                        : 2
rms of residuals      (FIT_STDFIT) = sqrt(WSSR/ndf)    : 0.171375
variance of residuals (reduced chisquare) = WSSR/ndf   : 0.0293695

Final set of parameters            Asymptotic Standard Error
=======================            ==========================
a               = -9.3276          +/- 0.1014       (1.087%)
b               = 1.00001          +/- 8.132e+09    (8.132e+11%)

correlation matrix of the fit parameters:
                a      b      
a               1.000 
b              -0.534  1.000 


*******************************************************************************
Tue Jun  8 10:53:02 2021


FIT:    data read from "homo.txt" u ($1):2
        format = x:z
        #datapoints = 4
        residuals are weighted equally (unit weight)

function used for fitting: f(x)
	f(x)=a+b/x**3
fitted parameters initialized with current variable values

iter      chisq       delta/lim  lambda   a             b            
   0 5.8631967846e-02   0.00e+00  6.60e+00   -9.327600e+00   1.000010e+00
   1 5.8631912247e-02  -9.48e-02  6.60e-01   -9.327705e+00   1.000011e+00

After 1 iterations the fit converged.
final sum of squares of residuals : 0.0586319
rel. change during last iteration : -9.48265e-07

degrees of freedom    (FIT_NDF)                        : 2
rms of residuals      (FIT_STDFIT) = sqrt(WSSR/ndf)    : 0.171219
variance of residuals (reduced chisquare) = WSSR/ndf   : 0.029316

Final set of parameters            Asymptotic Standard Error
=======================            ==========================
a               = -9.32771         +/- 0.1255       (1.345%)
b               = 1.00001          +/- 774.5        (7.745e+04%)

correlation matrix of the fit parameters:
                a      b      
a               1.000 
b              -0.731  1.000 


*******************************************************************************
Tue Jun  8 10:53:54 2021


FIT:    data read from "homo.txt" u ($1):2
        format = x:z
        #datapoints = 4
        residuals are weighted equally (unit weight)

function used for fitting: f(x)
	f(x)=a+b/x**3
fitted parameters initialized with current variable values

iter      chisq       delta/lim  lambda   a             b            
   0 5.8631913432e-02   0.00e+00  6.60e+00   -9.327705e+00   1.000000e+00
   1 5.8631912616e-02  -1.39e-03  6.60e-01   -9.327717e+00   1.000001e+00

After 1 iterations the fit converged.
final sum of squares of residuals : 0.0586319
rel. change during last iteration : -1.39237e-08

degrees of freedom    (FIT_NDF)                        : 2
rms of residuals      (FIT_STDFIT) = sqrt(WSSR/ndf)    : 0.171219
variance of residuals (reduced chisquare) = WSSR/ndf   : 0.029316

Final set of parameters            Asymptotic Standard Error
=======================            ==========================
a               = -9.32772         +/- 0.1255       (1.345%)
b               = 1                +/- 774.5        (7.745e+04%)

correlation matrix of the fit parameters:
                a      b      
a               1.000 
b              -0.731  1.000 


*******************************************************************************
Tue Jun  8 10:54:55 2021


FIT:    data read from "homo.txt" u ($1):2
        format = x:z
        #datapoints = 4
        residuals are weighted equally (unit weight)

function used for fitting: f(x)
	f(x)=a+b/x**3
fitted parameters initialized with current variable values

Warning: Initial value of parameter 'b' is zero.
iter      chisq       delta/lim  lambda   a             b            
   0 5.8739074781e-02   0.00e+00  6.60e+00   -9.327717e+00   1.000000e-30
BREAK: Singular matrix in Invert_RtR

*******************************************************************************
Tue Jun  8 10:55:02 2021


FIT:    data read from "homo.txt" u ($1):2
        format = x:z
        #datapoints = 4
        residuals are weighted equally (unit weight)

function used for fitting: f(x)
	f(x)=a+b/x**3
fitted parameters initialized with current variable values

iter      chisq       delta/lim  lambda   a             b            
   0 4.9072498454e-02   0.00e+00  6.60e+00   -9.327613e+00   1.000000e+02
   7 3.2262811633e-06  -2.91e-08  6.60e-06   -9.457496e+00   1.096266e+03

After 7 iterations the fit converged.
final sum of squares of residuals : 3.22628e-06
rel. change during last iteration : -2.90896e-13

degrees of freedom    (FIT_NDF)                        : 2
rms of residuals      (FIT_STDFIT) = sqrt(WSSR/ndf)    : 0.00127009
variance of residuals (reduced chisquare) = WSSR/ndf   : 1.61314e-06

Final set of parameters            Asymptotic Standard Error
=======================            ==========================
a               = -9.4575          +/- 0.000931     (0.009844%)
b               = 1096.27          +/- 5.745        (0.5241%)

correlation matrix of the fit parameters:
                a      b      
a               1.000 
b              -0.731  1.000 


*******************************************************************************
Tue Jun  8 10:56:02 2021


FIT:    data read from "homo.txt" u ($1):2
        format = x:z
        #datapoints = 4
        residuals are weighted equally (unit weight)

function used for fitting: f(x)
	f(x)=a+b/x**3
fitted parameters initialized with current variable values

iter      chisq       delta/lim  lambda   a             b            
   0 1.2393859922e-01   0.00e+00  6.69e+00   -9.457496e+00   1.000000e+01
   8 3.2262811633e-06  -4.72e-08  6.69e-08   -9.457496e+00   1.096266e+03

After 8 iterations the fit converged.
final sum of squares of residuals : 3.22628e-06
rel. change during last iteration : -4.7205e-13

degrees of freedom    (FIT_NDF)                        : 2
rms of residuals      (FIT_STDFIT) = sqrt(WSSR/ndf)    : 0.00127009
variance of residuals (reduced chisquare) = WSSR/ndf   : 1.61314e-06

Final set of parameters            Asymptotic Standard Error
=======================            ==========================
a               = -9.4575          +/- 0.000931     (0.009844%)
b               = 1096.27          +/- 5.745        (0.5241%)

correlation matrix of the fit parameters:
                a      b      
a               1.000 
b              -0.731  1.000 
